<?xml version="1.0" encoding="UTF-8"?>
<coverage generated="1547106339017" clover="3.2.0">
  <project timestamp="1547106339018" name="All files">
    <metrics statements="12" coveredstatements="12" conditionals="6" coveredconditionals="6" methods="3" coveredmethods="3" elements="21" coveredelements="21" complexity="0" loc="12" ncloc="12" packages="1" files="2" classes="2">
      <file name="chunk.js" path="E:\work\github\rodash\lib\chunk.js">
        <metrics statements="8" coveredstatements="8" conditionals="4" coveredconditionals="4" methods="1" coveredmethods="1"/>
        <line num="1" count="1" type="stmt"/>
        <line num="11" count="10" type="cond" truecount="2" falsecount="0"/>
        <line num="12" count="4" type="stmt"/>
        <line num="15" count="6" type="cond" truecount="2" falsecount="0"/>
        <line num="16" count="6" type="stmt"/>
        <line num="17" count="6" type="stmt"/>
        <line num="19" count="21" type="stmt"/>
        <line num="22" count="6" type="stmt"/>
      </file>
      <file name="compact.js" path="E:\work\github\rodash\lib\compact.js">
        <metrics statements="4" coveredstatements="4" conditionals="2" coveredconditionals="2" methods="2" coveredmethods="2"/>
        <line num="1" count="1" type="stmt"/>
        <line num="10" count="7" type="cond" truecount="2" falsecount="0"/>
        <line num="11" count="4" type="stmt"/>
        <line num="13" count="36" type="stmt"/>
      </file>
    </metrics>
  </project>
</coverage>
