{"C:\\Users\\admin\\Desktop\\rodash\\lib\\chunk.js": {"path":"C:\\Users\\admin\\Desktop\\rodash\\lib\\chunk.js","statementMap":{"0":{"start":{"line":1,"column":0},"end":{"line":1,"column":22}},"1":{"start":{"line":11,"column":2},"end":{"line":13,"column":3}},"2":{"start":{"line":12,"column":4},"end":{"line":12,"column":14}},"3":{"start":{"line":15,"column":2},"end":{"line":15,"column":32}},"4":{"start":{"line":16,"column":17},"end":{"line":16,"column":20}},"5":{"start":{"line":17,"column":2},"end":{"line":20,"column":3}},"6":{"start":{"line":19,"column":4},"end":{"line":19,"column":38}},"7":{"start":{"line":22,"column":2},"end":{"line":22,"column":15}}},"fnMap":{"0":{"name":"chunk","decl":{"start":{"line":10,"column":9},"end":{"line":10,"column":14}},"loc":{"start":{"line":10,"column":26},"end":{"line":23,"column":1}},"line":10}},"branchMap":{"0":{"loc":{"start":{"line":11,"column":2},"end":{"line":13,"column":3}},"type":"if","locations":[{"start":{"line":11,"column":2},"end":{"line":13,"column":3}},{"start":{"line":11,"column":2},"end":{"line":13,"column":3}}],"line":11},"1":{"loc":{"start":{"line":15,"column":9},"end":{"line":15,"column":32}},"type":"binary-expr","locations":[{"start":{"line":15,"column":9},"end":{"line":15,"column":27}},{"start":{"line":15,"column":31},"end":{"line":15,"column":32}}],"line":15}},"s":{"0":1,"1":10,"2":4,"3":6,"4":6,"5":6,"6":21,"7":6},"f":{"0":10},"b":{"0":[4,6],"1":[6,3]},"_coverageSchema":"332fd63041d2c1bcb487cc26dd0d5f7d97098a6c","hash":"aef958edd3284c9eefb8bdbd5c4ce19d31b0c06d"}
,"C:\\Users\\admin\\Desktop\\rodash\\lib\\compact.js": {"path":"C:\\Users\\admin\\Desktop\\rodash\\lib\\compact.js","statementMap":{"0":{"start":{"line":1,"column":0},"end":{"line":1,"column":24}},"1":{"start":{"line":10,"column":2},"end":{"line":12,"column":3}},"2":{"start":{"line":11,"column":4},"end":{"line":11,"column":14}},"3":{"start":{"line":13,"column":2},"end":{"line":13,"column":36}},"4":{"start":{"line":13,"column":29},"end":{"line":13,"column":35}}},"fnMap":{"0":{"name":"compact","decl":{"start":{"line":9,"column":9},"end":{"line":9,"column":16}},"loc":{"start":{"line":9,"column":22},"end":{"line":14,"column":1}},"line":9},"1":{"name":"(anonymous_1)","decl":{"start":{"line":13,"column":19},"end":{"line":13,"column":20}},"loc":{"start":{"line":13,"column":29},"end":{"line":13,"column":35}},"line":13}},"branchMap":{"0":{"loc":{"start":{"line":10,"column":2},"end":{"line":12,"column":3}},"type":"if","locations":[{"start":{"line":10,"column":2},"end":{"line":12,"column":3}},{"start":{"line":10,"column":2},"end":{"line":12,"column":3}}],"line":10}},"s":{"0":1,"1":7,"2":4,"3":3,"4":36},"f":{"0":7,"1":36},"b":{"0":[4,3]},"_coverageSchema":"332fd63041d2c1bcb487cc26dd0d5f7d97098a6c","hash":"2b93ac53a3e62a669e6af712a3ee9fcd67a0fa18"}
}
